# JRE version: Java(TM) SE Runtime Environment (8.0_351-b10) (build 1.8.0_351-b10)
# Java VM: Java HotSpot(TM) 64-Bit Server VM (25.351-b10 mixed mode windows-amd64 compressed oops)
Heap:
 def new generation   total 7488K, used 7143K [0x00000000e8a00000, 0x00000000e9210000, 0x00000000f06a0000)
  eden space 6720K,  94% used [0x00000000e8a00000, 0x00000000e9039ff0, 0x00000000e9090000)
  from space 768K,  99% used [0x00000000e9150000, 0x00000000e920fff8, 0x00000000e9210000)
  to   space 768K,   0% used [0x00000000e9090000, 0x00000000e9090000, 0x00000000e9150000)
 tenured generation   total 16384K, used 7520K [0x00000000f06a0000, 0x00000000f16a0000, 0x0000000100000000)
   the space 16384K,  45% used [0x00000000f06a0000, 0x00000000f0df8290, 0x00000000f0df8400, 0x00000000f16a0000)
 Metaspace       used 22906K, capacity 23810K, committed 23936K, reserved 1075200K
  class space    used 2966K, capacity 3172K, committed 3200K, reserved 1048576K
GC Heap History (10 events):
Event: 4.222 GC heap before
{Heap before GC invocations=18 (full 0):
 def new generation   total 7424K, used 7424K [0x00000000e8a00000, 0x00000000e9200000, 0x00000000f06a0000)
  eden space 6656K, 100% used [0x00000000e8a00000, 0x00000000e9080000, 0x00000000e9080000)
  from space 768K, 100% used [0x00000000e9080000, 0x00000000e9140000, 0x00000000e9140000)
  to   space 768K,   0% used [0x00000000e9140000, 0x00000000e9140000, 0x00000000e9200000)
 tenured generation   total 16384K, used 7177K [0x00000000f06a0000, 0x00000000f16a0000, 0x0000000100000000)
   the space 16384K,  43% used [0x00000000f06a0000, 0x00000000f0da24a0, 0x00000000f0da2600, 0x00000000f16a0000)
 Metaspace       used 20106K, capacity 21074K, committed 21296K, reserved 1067008K
  class space    used 2614K, capacity 2828K, committed 2944K, reserved 1048576K
Event: 4.228 GC heap after
Heap after GC invocations=19 (full 0):
 def new generation   total 7424K, used 768K [0x00000000e8a00000, 0x00000000e9200000, 0x00000000f06a0000)
  eden space 6656K,   0% used [0x00000000e8a00000, 0x00000000e8a00000, 0x00000000e9080000)
  from space 768K, 100% used [0x00000000e9140000, 0x00000000e9200000, 0x00000000e9200000)
  to   space 768K,   0% used [0x00000000e9080000, 0x00000000e9080000, 0x00000000e9140000)
 tenured generation   total 16384K, used 7775K [0x00000000f06a0000, 0x00000000f16a0000, 0x0000000100000000)
   the space 16384K,  47% used [0x00000000f06a0000, 0x00000000f0e37d38, 0x00000000f0e37e00, 0x00000000f16a0000)
 Metaspace       used 20106K, capacity 21074K, committed 21296K, reserved 1067008K
  class space    used 2614K, capacity 2828K, committed 2944K, reserved 1048576K
}
Event: 4.256 GC heap before
{Heap before GC invocations=19 (full 0):
 def new generation   total 7424K, used 2701K [0x00000000e8a00000, 0x00000000e9200000, 0x00000000f06a0000)
  eden space 6656K,  29% used [0x00000000e8a00000, 0x00000000e8be3740, 0x00000000e9080000)
  from space 768K, 100% used [0x00000000e9140000, 0x00000000e9200000, 0x00000000e9200000)
  to   space 768K,   0% used [0x00000000e9080000, 0x00000000e9080000, 0x00000000e9140000)
 tenured generation   total 16384K, used 7775K [0x00000000f06a0000, 0x00000000f16a0000, 0x0000000100000000)
   the space 16384K,  47% used [0x00000000f06a0000, 0x00000000f0e37d38, 0x00000000f0e37e00, 0x00000000f16a0000)
 Metaspace       used 20226K, capacity 21138K, committed 21296K, reserved 1067008K
  class space    used 2625K, capacity 2828K, committed 2944K, reserved 1048576K
Event: 4.298 GC heap after
Heap after GC invocations=20 (full 1):
 def new generation   total 7488K, used 0K [0x00000000e8a00000, 0x00000000e9210000, 0x00000000f06a0000)
  eden space 6720K,   0% used [0x00000000e8a00000, 0x00000000e8a00000, 0x00000000e9090000)
  from space 768K,   0% used [0x00000000e9090000, 0x00000000e9090000, 0x00000000e9150000)
  to   space 768K,   0% used [0x00000000e9150000, 0x00000000e9150000, 0x00000000e9210000)
 tenured generation   total 16384K, used 6875K [0x00000000f06a0000, 0x00000000f16a0000, 0x0000000100000000)
   the space 16384K,  41% used [0x00000000f06a0000, 0x00000000f0d56e78, 0x00000000f0d57000, 0x00000000f16a0000)
 Metaspace       used 20226K, capacity 21138K, committed 21296K, reserved 1067008K
  class space    used 2625K, capacity 2828K, committed 2944K, reserved 1048576K
}
Event: 4.440 GC heap before
{Heap before GC invocations=20 (full 1):
 def new generation   total 7488K, used 6720K [0x00000000e8a00000, 0x00000000e9210000, 0x00000000f06a0000)
  eden space 6720K, 100% used [0x00000000e8a00000, 0x00000000e9090000, 0x00000000e9090000)
  from space 768K,   0% used [0x00000000e9090000, 0x00000000e9090000, 0x00000000e9150000)
  to   space 768K,   0% used [0x00000000e9150000, 0x00000000e9150000, 0x00000000e9210000)
 tenured generation   total 16384K, used 6875K [0x00000000f06a0000, 0x00000000f16a0000, 0x0000000100000000)
   the space 16384K,  41% used [0x00000000f06a0000, 0x00000000f0d56e78, 0x00000000f0d57000, 0x00000000f16a0000)
 Metaspace       used 21223K, capacity 22194K, committed 22400K, reserved 1069056K
  class space    used 2713K, capacity 2924K, committed 2944K, reserved 1048576K
Event: 4.443 GC heap after
Heap after GC invocations=21 (full 1):
 def new generation   total 7488K, used 767K [0x00000000e8a00000, 0x00000000e9210000, 0x00000000f06a0000)
  eden space 6720K,   0% used [0x00000000e8a00000, 0x00000000e8a00000, 0x00000000e9090000)
  from space 768K,  99% used [0x00000000e9150000, 0x00000000e920fff0, 0x00000000e9210000)
  to   space 768K,   0% used [0x00000000e9090000, 0x00000000e9090000, 0x00000000e9150000)
 tenured generation   total 16384K, used 7046K [0x00000000f06a0000, 0x00000000f16a0000, 0x0000000100000000)
   the space 16384K,  43% used [0x00000000f06a0000, 0x00000000f0d818d8, 0x00000000f0d81a00, 0x00000000f16a0000)
 Metaspace       used 21223K, capacity 22194K, committed 22400K, reserved 1069056K
  class space    used 2713K, capacity 2924K, committed 2944K, reserved 1048576K
}
Event: 4.559 GC heap before
{Heap before GC invocations=21 (full 1):
 def new generation   total 7488K, used 7487K [0x00000000e8a00000, 0x00000000e9210000, 0x00000000f06a0000)
  eden space 6720K, 100% used [0x00000000e8a00000, 0x00000000e9090000, 0x00000000e9090000)
  from space 768K,  99% used [0x00000000e9150000, 0x00000000e920fff0, 0x00000000e9210000)
  to   space 768K,   0% used [0x00000000e9090000, 0x00000000e9090000, 0x00000000e9150000)
 tenured generation   total 16384K, used 7046K [0x00000000f06a0000, 0x00000000f16a0000, 0x0000000100000000)
   the space 16384K,  43% used [0x00000000f06a0000, 0x00000000f0d818d8, 0x00000000f0d81a00, 0x00000000f16a0000)
 Metaspace       used 21916K, capacity 22866K, committed 23040K, reserved 1069056K
  class space    used 2805K, capacity 3020K, committed 3072K, reserved 1048576K
Event: 4.562 GC heap after
Heap after GC invocations=22 (full 1):
 def new generation   total 7488K, used 767K [0x00000000e8a00000, 0x00000000e9210000, 0x00000000f06a0000)
  eden space 6720K,   0% used [0x00000000e8a00000, 0x00000000e8a00000, 0x00000000e9090000)
  from space 768K,  99% used [0x00000000e9090000, 0x00000000e914fff8, 0x00000000e9150000)
  to   space 768K,   0% used [0x00000000e9150000, 0x00000000e9150000, 0x00000000e9210000)
 tenured generation   total 16384K, used 7264K [0x00000000f06a0000, 0x00000000f16a0000, 0x0000000100000000)
   the space 16384K,  44% used [0x00000000f06a0000, 0x00000000f0db81b8, 0x00000000f0db8200, 0x00000000f16a0000)
 Metaspace       used 21916K, capacity 22866K, committed 23040K, reserved 1069056K
  class space    used 2805K, capacity 3020K, committed 3072K, reserved 1048576K
}
Event: 4.665 GC heap before
{Heap before GC invocations=22 (full 1):
 def new generation   total 7488K, used 7487K [0x00000000e8a00000, 0x00000000e9210000, 0x00000000f06a0000)
  eden space 6720K, 100% used [0x00000000e8a00000, 0x00000000e9090000, 0x00000000e9090000)
  from space 768K,  99% used [0x00000000e9090000, 0x00000000e914fff8, 0x00000000e9150000)
  to   space 768K,   0% used [0x00000000e9150000, 0x00000000e9150000, 0x00000000e9210000)
 tenured generation   total 16384K, used 7264K [0x00000000f06a0000, 0x00000000f16a0000, 0x0000000100000000)
   the space 16384K,  44% used [0x00000000f06a0000, 0x00000000f0db81b8, 0x00000000f0db8200, 0x00000000f16a0000)
 Metaspace       used 22534K, capacity 23474K, committed 23680K, reserved 1069056K
  class space    used 2903K, capacity 3116K, committed 3200K, reserved 1048576K
Event: 4.668 GC heap after
Heap after GC invocations=23 (full 1):
 def new generation   total 7488K, used 767K [0x00000000e8a00000, 0x00000000e9210000, 0x00000000f06a0000)
  eden space 6720K,   0% used [0x00000000e8a00000, 0x00000000e8a00000, 0x00000000e9090000)
  from space 768K,  99% used [0x00000000e9150000, 0x00000000e920fff8, 0x00000000e9210000)
  to   space 768K,   0% used [0x00000000e9090000, 0x00000000e9090000, 0x00000000e9150000)
 tenured generation   total 16384K, used 7520K [0x00000000f06a0000, 0x00000000f16a0000, 0x0000000100000000)
   the space 16384K,  45% used [0x00000000f06a0000, 0x00000000f0df8290, 0x00000000f0df8400, 0x00000000f16a0000)
 Metaspace       used 22534K, capacity 23474K, committed 23680K, reserved 1069056K
  class space    used 2903K, capacity 3116K, committed 3200K, reserved 1048576K
}

