# JRE version: Java(TM) SE Runtime Environment (8.0_351-b10) (build 1.8.0_351-b10)
# Java VM: Java HotSpot(TM) 64-Bit Server VM (25.351-b10 mixed mode windows-amd64 compressed oops)
Heap:
 def new generation   total 14656K, used 9764K [0x00000000e8a00000, 0x00000000e99e0000, 0x00000000f06a0000)
  eden space 13056K,  64% used [0x00000000e8a00000, 0x00000000e9234420, 0x00000000e96c0000)
  from space 1600K,  85% used [0x00000000e9850000, 0x00000000e99a4f80, 0x00000000e99e0000)
  to   space 1600K,   0% used [0x00000000e96c0000, 0x00000000e96c0000, 0x00000000e9850000)
 tenured generation   total 32368K, used 25284K [0x00000000f06a0000, 0x00000000f263c000, 0x0000000100000000)
   the space 32368K,  78% used [0x00000000f06a0000, 0x00000000f1f51138, 0x00000000f1f51200, 0x00000000f263c000)
 Metaspace       used 60150K, capacity 64066K, committed 64384K, reserved 1103872K
  class space    used 8334K, capacity 9008K, committed 9088K, reserved 1048576K
GC Heap History (10 events):
Event: 28.655 GC heap before
{Heap before GC invocations=63 (full 3):
 def new generation   total 14656K, used 13267K [0x00000000e8a00000, 0x00000000e99e0000, 0x00000000f06a0000)
  eden space 13056K, 100% used [0x00000000e8a00000, 0x00000000e96c0000, 0x00000000e96c0000)
  from space 1600K,  13% used [0x00000000e96c0000, 0x00000000e96f4e90, 0x00000000e9850000)
  to   space 1600K,   0% used [0x00000000e9850000, 0x00000000e9850000, 0x00000000e99e0000)
 tenured generation   total 32368K, used 23256K [0x00000000f06a0000, 0x00000000f263c000, 0x0000000100000000)
   the space 32368K,  71% used [0x00000000f06a0000, 0x00000000f1d56230, 0x00000000f1d56400, 0x00000000f263c000)
 Metaspace       used 57074K, capacity 60616K, committed 60800K, reserved 1101824K
  class space    used 7884K, capacity 8487K, committed 8576K, reserved 1048576K
Event: 28.662 GC heap after
Heap after GC invocations=64 (full 3):
 def new generation   total 14656K, used 985K [0x00000000e8a00000, 0x00000000e99e0000, 0x00000000f06a0000)
  eden space 13056K,   0% used [0x00000000e8a00000, 0x00000000e8a00000, 0x00000000e96c0000)
  from space 1600K,  61% used [0x00000000e9850000, 0x00000000e9946798, 0x00000000e99e0000)
  to   space 1600K,   0% used [0x00000000e96c0000, 0x00000000e96c0000, 0x00000000e9850000)
 tenured generation   total 32368K, used 23256K [0x00000000f06a0000, 0x00000000f263c000, 0x0000000100000000)
   the space 32368K,  71% used [0x00000000f06a0000, 0x00000000f1d56230, 0x00000000f1d56400, 0x00000000f263c000)
 Metaspace       used 57074K, capacity 60616K, committed 60800K, reserved 1101824K
  class space    used 7884K, capacity 8487K, committed 8576K, reserved 1048576K
}
Event: 29.425 GC heap before
{Heap before GC invocations=64 (full 3):
 def new generation   total 14656K, used 14041K [0x00000000e8a00000, 0x00000000e99e0000, 0x00000000f06a0000)
  eden space 13056K, 100% used [0x00000000e8a00000, 0x00000000e96c0000, 0x00000000e96c0000)
  from space 1600K,  61% used [0x00000000e9850000, 0x00000000e9946798, 0x00000000e99e0000)
  to   space 1600K,   0% used [0x00000000e96c0000, 0x00000000e96c0000, 0x00000000e9850000)
 tenured generation   total 32368K, used 23256K [0x00000000f06a0000, 0x00000000f263c000, 0x0000000100000000)
   the space 32368K,  71% used [0x00000000f06a0000, 0x00000000f1d56230, 0x00000000f1d56400, 0x00000000f263c000)
 Metaspace       used 57406K, capacity 60954K, committed 61056K, reserved 1101824K
  class space    used 7932K, capacity 8554K, committed 8576K, reserved 1048576K
Event: 29.433 GC heap after
Heap after GC invocations=65 (full 3):
 def new generation   total 14656K, used 1030K [0x00000000e8a00000, 0x00000000e99e0000, 0x00000000f06a0000)
  eden space 13056K,   0% used [0x00000000e8a00000, 0x00000000e8a00000, 0x00000000e96c0000)
  from space 1600K,  64% used [0x00000000e96c0000, 0x00000000e97c1b20, 0x00000000e9850000)
  to   space 1600K,   0% used [0x00000000e9850000, 0x00000000e9850000, 0x00000000e99e0000)
 tenured generation   total 32368K, used 23457K [0x00000000f06a0000, 0x00000000f263c000, 0x0000000100000000)
   the space 32368K,  72% used [0x00000000f06a0000, 0x00000000f1d887a8, 0x00000000f1d88800, 0x00000000f263c000)
 Metaspace       used 57406K, capacity 60954K, committed 61056K, reserved 1101824K
  class space    used 7932K, capacity 8554K, committed 8576K, reserved 1048576K
}
Event: 30.074 GC heap before
{Heap before GC invocations=65 (full 3):
 def new generation   total 14656K, used 14086K [0x00000000e8a00000, 0x00000000e99e0000, 0x00000000f06a0000)
  eden space 13056K, 100% used [0x00000000e8a00000, 0x00000000e96c0000, 0x00000000e96c0000)
  from space 1600K,  64% used [0x00000000e96c0000, 0x00000000e97c1b20, 0x00000000e9850000)
  to   space 1600K,   0% used [0x00000000e9850000, 0x00000000e9850000, 0x00000000e99e0000)
 tenured generation   total 32368K, used 23457K [0x00000000f06a0000, 0x00000000f263c000, 0x0000000100000000)
   the space 32368K,  72% used [0x00000000f06a0000, 0x00000000f1d887a8, 0x00000000f1d88800, 0x00000000f263c000)
 Metaspace       used 58171K, capacity 61812K, committed 61952K, reserved 1101824K
  class space    used 8049K, capacity 8669K, committed 8704K, reserved 1048576K
Event: 30.084 GC heap after
Heap after GC invocations=66 (full 3):
 def new generation   total 14656K, used 1599K [0x00000000e8a00000, 0x00000000e99e0000, 0x00000000f06a0000)
  eden space 13056K,   0% used [0x00000000e8a00000, 0x00000000e8a00000, 0x00000000e96c0000)
  from space 1600K,  99% used [0x00000000e9850000, 0x00000000e99dfe90, 0x00000000e99e0000)
  to   space 1600K,   0% used [0x00000000e96c0000, 0x00000000e96c0000, 0x00000000e9850000)
 tenured generation   total 32368K, used 23837K [0x00000000f06a0000, 0x00000000f263c000, 0x0000000100000000)
   the space 32368K,  73% used [0x00000000f06a0000, 0x00000000f1de7498, 0x00000000f1de7600, 0x00000000f263c000)
 Metaspace       used 58171K, capacity 61812K, committed 61952K, reserved 1101824K
  class space    used 8049K, capacity 8669K, committed 8704K, reserved 1048576K
}
Event: 30.723 GC heap before
{Heap before GC invocations=66 (full 3):
 def new generation   total 14656K, used 14655K [0x00000000e8a00000, 0x00000000e99e0000, 0x00000000f06a0000)
  eden space 13056K, 100% used [0x00000000e8a00000, 0x00000000e96c0000, 0x00000000e96c0000)
  from space 1600K,  99% used [0x00000000e9850000, 0x00000000e99dfe90, 0x00000000e99e0000)
  to   space 1600K,   0% used [0x00000000e96c0000, 0x00000000e96c0000, 0x00000000e9850000)
 tenured generation   total 32368K, used 23837K [0x00000000f06a0000, 0x00000000f263c000, 0x0000000100000000)
   the space 32368K,  73% used [0x00000000f06a0000, 0x00000000f1de7498, 0x00000000f1de7600, 0x00000000f263c000)
 Metaspace       used 58983K, capacity 62764K, committed 62848K, reserved 1103872K
  class space    used 8153K, capacity 8809K, committed 8832K, reserved 1048576K
Event: 30.733 GC heap after
Heap after GC invocations=67 (full 3):
 def new generation   total 14656K, used 1257K [0x00000000e8a00000, 0x00000000e99e0000, 0x00000000f06a0000)
  eden space 13056K,   0% used [0x00000000e8a00000, 0x00000000e8a00000, 0x00000000e96c0000)
  from space 1600K,  78% used [0x00000000e96c0000, 0x00000000e97fa448, 0x00000000e9850000)
  to   space 1600K,   0% used [0x00000000e9850000, 0x00000000e9850000, 0x00000000e99e0000)
 tenured generation   total 32368K, used 24592K [0x00000000f06a0000, 0x00000000f263c000, 0x0000000100000000)
   the space 32368K,  75% used [0x00000000f06a0000, 0x00000000f1ea40f8, 0x00000000f1ea4200, 0x00000000f263c000)
 Metaspace       used 58983K, capacity 62764K, committed 62848K, reserved 1103872K
  class space    used 8153K, capacity 8809K, committed 8832K, reserved 1048576K
}
Event: 31.163 GC heap before
{Heap before GC invocations=67 (full 3):
 def new generation   total 14656K, used 14313K [0x00000000e8a00000, 0x00000000e99e0000, 0x00000000f06a0000)
  eden space 13056K, 100% used [0x00000000e8a00000, 0x00000000e96c0000, 0x00000000e96c0000)
  from space 1600K,  78% used [0x00000000e96c0000, 0x00000000e97fa448, 0x00000000e9850000)
  to   space 1600K,   0% used [0x00000000e9850000, 0x00000000e9850000, 0x00000000e99e0000)
 tenured generation   total 32368K, used 24592K [0x00000000f06a0000, 0x00000000f263c000, 0x0000000100000000)
   the space 32368K,  75% used [0x00000000f06a0000, 0x00000000f1ea40f8, 0x00000000f1ea4200, 0x00000000f263c000)
 Metaspace       used 59606K, capacity 63520K, committed 63744K, reserved 1103872K
  class space    used 8256K, capacity 8923K, committed 8960K, reserved 1048576K
Event: 31.174 GC heap after
Heap after GC invocations=68 (full 3):
 def new generation   total 14656K, used 1363K [0x00000000e8a00000, 0x00000000e99e0000, 0x00000000f06a0000)
  eden space 13056K,   0% used [0x00000000e8a00000, 0x00000000e8a00000, 0x00000000e96c0000)
  from space 1600K,  85% used [0x00000000e9850000, 0x00000000e99a4f80, 0x00000000e99e0000)
  to   space 1600K,   0% used [0x00000000e96c0000, 0x00000000e96c0000, 0x00000000e9850000)
 tenured generation   total 32368K, used 25284K [0x00000000f06a0000, 0x00000000f263c000, 0x0000000100000000)
   the space 32368K,  78% used [0x00000000f06a0000, 0x00000000f1f51138, 0x00000000f1f51200, 0x00000000f263c000)
 Metaspace       used 59606K, capacity 63520K, committed 63744K, reserved 1103872K
  class space    used 8256K, capacity 8923K, committed 8960K, reserved 1048576K
}

